<?xml version="1.0" encoding="UTF-8"?>
<testsuite xmlns:xsi="http://www.w3.org/2001/XMLSchema-instance" xsi:noNamespaceSchemaLocation="https://maven.apache.org/surefire/maven-surefire-plugin/xsd/surefire-test-report-3.0.xsd" version="3.0" name="cucumberOptions.TestRunner" time="18.01" tests="93" errors="0" skipped="0" failures="0">
  <properties>
    <property name="java.specification.version" value="15"/>
    <property name="sun.cpu.isalist" value="amd64"/>
    <property name="sun.jnu.encoding" value="Cp1252"/>
    <property name="java.class.path" value="C:\Users\abdul\eclipse-workspace\BDD\target\test-classes;C:\Users\abdul\eclipse-workspace\BDD\target\classes;C:\Users\abdul\.m2\repository\org\seleniumhq\selenium\selenium-java\4.0.0\selenium-java-4.0.0.jar;C:\Users\abdul\.m2\repository\org\seleniumhq\selenium\selenium-api\4.0.0\selenium-api-4.0.0.jar;C:\Users\abdul\.m2\repository\org\seleniumhq\selenium\selenium-chrome-driver\4.0.0\selenium-chrome-driver-4.0.0.jar;C:\Users\abdul\.m2\repository\com\google\auto\service\auto-service-annotations\1.0\auto-service-annotations-1.0.jar;C:\Users\abdul\.m2\repository\com\google\auto\service\auto-service\1.0\auto-service-1.0.jar;C:\Users\abdul\.m2\repository\com\google\auto\auto-common\1.0\auto-common-1.0.jar;C:\Users\abdul\.m2\repository\com\google\guava\guava\31.0.1-jre\guava-31.0.1-jre.jar;C:\Users\abdul\.m2\repository\com\google\guava\failureaccess\1.0.1\failureaccess-1.0.1.jar;C:\Users\abdul\.m2\repository\com\google\guava\listenablefuture\9999.0-empty-to-avoid-conflict-with-guava\listenablefuture-9999.0-empty-to-avoid-conflict-with-guava.jar;C:\Users\abdul\.m2\repository\com\google\code\findbugs\jsr305\3.0.2\jsr305-3.0.2.jar;C:\Users\abdul\.m2\repository\org\checkerframework\checker-qual\3.12.0\checker-qual-3.12.0.jar;C:\Users\abdul\.m2\repository\com\google\errorprone\error_prone_annotations\2.7.1\error_prone_annotations-2.7.1.jar;C:\Users\abdul\.m2\repository\com\google\j2objc\j2objc-annotations\1.3\j2objc-annotations-1.3.jar;C:\Users\abdul\.m2\repository\org\seleniumhq\selenium\selenium-chromium-driver\4.0.0\selenium-chromium-driver-4.0.0.jar;C:\Users\abdul\.m2\repository\org\seleniumhq\selenium\selenium-json\4.0.0\selenium-json-4.0.0.jar;C:\Users\abdul\.m2\repository\org\seleniumhq\selenium\selenium-devtools-v85\4.0.0\selenium-devtools-v85-4.0.0.jar;C:\Users\abdul\.m2\repository\org\seleniumhq\selenium\selenium-devtools-v93\4.0.0\selenium-devtools-v93-4.0.0.jar;C:\Users\abdul\.m2\repository\org\seleniumhq\selenium\selenium-devtools-v94\4.0.0\selenium-devtools-v94-4.0.0.jar;C:\Users\abdul\.m2\repository\org\seleniumhq\selenium\selenium-devtools-v95\4.0.0\selenium-devtools-v95-4.0.0.jar;C:\Users\abdul\.m2\repository\org\seleniumhq\selenium\selenium-edge-driver\4.0.0\selenium-edge-driver-4.0.0.jar;C:\Users\abdul\.m2\repository\org\seleniumhq\selenium\selenium-firefox-driver\4.0.0\selenium-firefox-driver-4.0.0.jar;C:\Users\abdul\.m2\repository\org\seleniumhq\selenium\selenium-firefox-xpi-driver\4.0.0\selenium-firefox-xpi-driver-4.0.0.jar;C:\Users\abdul\.m2\repository\org\seleniumhq\selenium\selenium-ie-driver\4.0.0\selenium-ie-driver-4.0.0.jar;C:\Users\abdul\.m2\repository\org\seleniumhq\selenium\selenium-opera-driver\4.0.0\selenium-opera-driver-4.0.0.jar;C:\Users\abdul\.m2\repository\org\seleniumhq\selenium\selenium-remote-driver\4.0.0\selenium-remote-driver-4.0.0.jar;C:\Users\abdul\.m2\repository\com\beust\jcommander\1.81\jcommander-1.81.jar;C:\Users\abdul\.m2\repository\io\netty\netty-buffer\4.1.68.Final\netty-buffer-4.1.68.Final.jar;C:\Users\abdul\.m2\repository\io\netty\netty-codec-http\4.1.67.Final\netty-codec-http-4.1.67.Final.jar;C:\Users\abdul\.m2\repository\io\netty\netty-codec\4.1.67.Final\netty-codec-4.1.67.Final.jar;C:\Users\abdul\.m2\repository\io\netty\netty-handler\4.1.67.Final\netty-handler-4.1.67.Final.jar;C:\Users\abdul\.m2\repository\io\netty\netty-common\4.1.68.Final\netty-common-4.1.68.Final.jar;C:\Users\abdul\.m2\repository\io\netty\netty-transport-native-epoll\4.1.67.Final\netty-transport-native-epoll-4.1.67.Final.jar;C:\Users\abdul\.m2\repository\io\netty\netty-transport-native-kqueue\4.1.67.Final\netty-transport-native-kqueue-4.1.67.Final.jar;C:\Users\abdul\.m2\repository\io\netty\netty-transport-native-unix-common\4.1.67.Final\netty-transport-native-unix-common-4.1.67.Final.jar;C:\Users\abdul\.m2\repository\io\netty\netty-transport\4.1.68.Final\netty-transport-4.1.68.Final.jar;C:\Users\abdul\.m2\repository\io\netty\netty-resolver\4.1.68.Final\netty-resolver-4.1.68.Final.jar;C:\Users\abdul\.m2\repository\io\opentelemetry\opentelemetry-api\1.6.0\opentelemetry-api-1.6.0.jar;C:\Users\abdul\.m2\repository\io\opentelemetry\opentelemetry-context\1.6.0\opentelemetry-context-1.6.0.jar;C:\Users\abdul\.m2\repository\io\opentelemetry\opentelemetry-exporter-logging\1.6.0\opentelemetry-exporter-logging-1.6.0.jar;C:\Users\abdul\.m2\repository\io\opentelemetry\opentelemetry-sdk-metrics\1.6.0-alpha\opentelemetry-sdk-metrics-1.6.0-alpha.jar;C:\Users\abdul\.m2\repository\io\opentelemetry\opentelemetry-sdk-common\1.6.0\opentelemetry-sdk-common-1.6.0.jar;C:\Users\abdul\.m2\repository\io\opentelemetry\opentelemetry-sdk-extension-autoconfigure-spi\1.6.0\opentelemetry-sdk-extension-autoconfigure-spi-1.6.0.jar;C:\Users\abdul\.m2\repository\io\opentelemetry\opentelemetry-sdk-extension-autoconfigure\1.6.0-alpha\opentelemetry-sdk-extension-autoconfigure-1.6.0-alpha.jar;C:\Users\abdul\.m2\repository\io\opentelemetry\opentelemetry-sdk-trace\1.6.0\opentelemetry-sdk-trace-1.6.0.jar;C:\Users\abdul\.m2\repository\io\opentelemetry\opentelemetry-api-metrics\1.6.0-alpha\opentelemetry-api-metrics-1.6.0-alpha.jar;C:\Users\abdul\.m2\repository\io\opentelemetry\opentelemetry-sdk\1.6.0\opentelemetry-sdk-1.6.0.jar;C:\Users\abdul\.m2\repository\io\opentelemetry\opentelemetry-semconv\1.6.0-alpha\opentelemetry-semconv-1.6.0-alpha.jar;C:\Users\abdul\.m2\repository\io\ous\jtoml\2.0.0\jtoml-2.0.0.jar;C:\Users\abdul\.m2\repository\net\bytebuddy\byte-buddy\1.11.19\byte-buddy-1.11.19.jar;C:\Users\abdul\.m2\repository\org\apache\commons\commons-exec\1.3\commons-exec-1.3.jar;C:\Users\abdul\.m2\repository\org\asynchttpclient\async-http-client\2.12.3\async-http-client-2.12.3.jar;C:\Users\abdul\.m2\repository\org\asynchttpclient\async-http-client-netty-utils\2.12.3\async-http-client-netty-utils-2.12.3.jar;C:\Users\abdul\.m2\repository\io\netty\netty-codec-socks\4.1.60.Final\netty-codec-socks-4.1.60.Final.jar;C:\Users\abdul\.m2\repository\io\netty\netty-handler-proxy\4.1.60.Final\netty-handler-proxy-4.1.60.Final.jar;C:\Users\abdul\.m2\repository\io\netty\netty-transport-native-epoll\4.1.60.Final\netty-transport-native-epoll-4.1.60.Final-linux-x86_64.jar;C:\Users\abdul\.m2\repository\io\netty\netty-transport-native-kqueue\4.1.60.Final\netty-transport-native-kqueue-4.1.60.Final-osx-x86_64.jar;C:\Users\abdul\.m2\repository\org\reactivestreams\reactive-streams\1.0.3\reactive-streams-1.0.3.jar;C:\Users\abdul\.m2\repository\com\typesafe\netty\netty-reactive-streams\2.0.4\netty-reactive-streams-2.0.4.jar;C:\Users\abdul\.m2\repository\org\slf4j\slf4j-api\1.7.30\slf4j-api-1.7.30.jar;C:\Users\abdul\.m2\repository\com\sun\activation\jakarta.activation\1.2.2\jakarta.activation-1.2.2.jar;C:\Users\abdul\.m2\repository\org\seleniumhq\selenium\selenium-http\4.0.0\selenium-http-4.0.0.jar;C:\Users\abdul\.m2\repository\org\seleniumhq\selenium\selenium-safari-driver\4.0.0\selenium-safari-driver-4.0.0.jar;C:\Users\abdul\.m2\repository\org\seleniumhq\selenium\selenium-support\4.0.0\selenium-support-4.0.0.jar;C:\Users\abdul\.m2\repository\io\cucumber\cucumber-java\7.0.0\cucumber-java-7.0.0.jar;C:\Users\abdul\.m2\repository\io\cucumber\cucumber-core\7.0.0\cucumber-core-7.0.0.jar;C:\Users\abdul\.m2\repository\io\cucumber\cucumber-gherkin\7.0.0\cucumber-gherkin-7.0.0.jar;C:\Users\abdul\.m2\repository\io\cucumber\cucumber-gherkin-messages\7.0.0\cucumber-gherkin-messages-7.0.0.jar;C:\Users\abdul\.m2\repository\io\cucumber\messages\17.1.1\messages-17.1.1.jar;C:\Users\abdul\.m2\repository\io\cucumber\tag-expressions\4.0.2\tag-expressions-4.0.2.jar;C:\Users\abdul\.m2\repository\io\cucumber\cucumber-expressions\13.0.1\cucumber-expressions-13.0.1.jar;C:\Users\abdul\.m2\repository\io\cucumber\datatable\7.0.0\datatable-7.0.0.jar;C:\Users\abdul\.m2\repository\io\cucumber\cucumber-plugin\7.0.0\cucumber-plugin-7.0.0.jar;C:\Users\abdul\.m2\repository\io\cucumber\docstring\7.0.0\docstring-7.0.0.jar;C:\Users\abdul\.m2\repository\io\cucumber\html-formatter\17.0.0\html-formatter-17.0.0.jar;C:\Users\abdul\.m2\repository\io\cucumber\create-meta\6.0.1\create-meta-6.0.1.jar;C:\Users\abdul\.m2\repository\org\apiguardian\apiguardian-api\1.1.2\apiguardian-api-1.1.2.jar;C:\Users\abdul\.m2\repository\io\cucumber\cucumber-junit\7.0.0\cucumber-junit-7.0.0.jar;C:\Users\abdul\.m2\repository\junit\junit\4.13.2\junit-4.13.2.jar;C:\Users\abdul\.m2\repository\org\hamcrest\hamcrest-core\1.3\hamcrest-core-1.3.jar;"/>
    <property name="java.vm.vendor" value="Oracle Corporation"/>
    <property name="sun.arch.data.model" value="64"/>
    <property name="user.variant" value=""/>
    <property name="java.vendor.url" value="https://java.oracle.com/"/>
    <property name="user.timezone" value="Asia/Calcutta"/>
    <property name="os.name" value="Windows 10"/>
    <property name="java.vm.specification.version" value="15"/>
    <property name="sun.java.launcher" value="SUN_STANDARD"/>
    <property name="user.country" value="IN"/>
    <property name="sun.boot.library.path" value="C:\Program Files\Java\jdk-15.0.1\bin"/>
    <property name="sun.java.command" value="C:\Users\abdul\AppData\Local\Temp\surefire6641548699173621940\surefirebooter17712814454601711830.jar C:\Users\abdul\AppData\Local\Temp\surefire6641548699173621940 2021-11-14T19-07-06_060-jvmRun1 surefire2434093721646002271tmp surefire_08390719912598920053tmp"/>
    <property name="jdk.debug" value="release"/>
    <property name="surefire.test.class.path" value="C:\Users\abdul\eclipse-workspace\BDD\target\test-classes;C:\Users\abdul\eclipse-workspace\BDD\target\classes;C:\Users\abdul\.m2\repository\org\seleniumhq\selenium\selenium-java\4.0.0\selenium-java-4.0.0.jar;C:\Users\abdul\.m2\repository\org\seleniumhq\selenium\selenium-api\4.0.0\selenium-api-4.0.0.jar;C:\Users\abdul\.m2\repository\org\seleniumhq\selenium\selenium-chrome-driver\4.0.0\selenium-chrome-driver-4.0.0.jar;C:\Users\abdul\.m2\repository\com\google\auto\service\auto-service-annotations\1.0\auto-service-annotations-1.0.jar;C:\Users\abdul\.m2\repository\com\google\auto\service\auto-service\1.0\auto-service-1.0.jar;C:\Users\abdul\.m2\repository\com\google\auto\auto-common\1.0\auto-common-1.0.jar;C:\Users\abdul\.m2\repository\com\google\guava\guava\31.0.1-jre\guava-31.0.1-jre.jar;C:\Users\abdul\.m2\repository\com\google\guava\failureaccess\1.0.1\failureaccess-1.0.1.jar;C:\Users\abdul\.m2\repository\com\google\guava\listenablefuture\9999.0-empty-to-avoid-conflict-with-guava\listenablefuture-9999.0-empty-to-avoid-conflict-with-guava.jar;C:\Users\abdul\.m2\repository\com\google\code\findbugs\jsr305\3.0.2\jsr305-3.0.2.jar;C:\Users\abdul\.m2\repository\org\checkerframework\checker-qual\3.12.0\checker-qual-3.12.0.jar;C:\Users\abdul\.m2\repository\com\google\errorprone\error_prone_annotations\2.7.1\error_prone_annotations-2.7.1.jar;C:\Users\abdul\.m2\repository\com\google\j2objc\j2objc-annotations\1.3\j2objc-annotations-1.3.jar;C:\Users\abdul\.m2\repository\org\seleniumhq\selenium\selenium-chromium-driver\4.0.0\selenium-chromium-driver-4.0.0.jar;C:\Users\abdul\.m2\repository\org\seleniumhq\selenium\selenium-json\4.0.0\selenium-json-4.0.0.jar;C:\Users\abdul\.m2\repository\org\seleniumhq\selenium\selenium-devtools-v85\4.0.0\selenium-devtools-v85-4.0.0.jar;C:\Users\abdul\.m2\repository\org\seleniumhq\selenium\selenium-devtools-v93\4.0.0\selenium-devtools-v93-4.0.0.jar;C:\Users\abdul\.m2\repository\org\seleniumhq\selenium\selenium-devtools-v94\4.0.0\selenium-devtools-v94-4.0.0.jar;C:\Users\abdul\.m2\repository\org\seleniumhq\selenium\selenium-devtools-v95\4.0.0\selenium-devtools-v95-4.0.0.jar;C:\Users\abdul\.m2\repository\org\seleniumhq\selenium\selenium-edge-driver\4.0.0\selenium-edge-driver-4.0.0.jar;C:\Users\abdul\.m2\repository\org\seleniumhq\selenium\selenium-firefox-driver\4.0.0\selenium-firefox-driver-4.0.0.jar;C:\Users\abdul\.m2\repository\org\seleniumhq\selenium\selenium-firefox-xpi-driver\4.0.0\selenium-firefox-xpi-driver-4.0.0.jar;C:\Users\abdul\.m2\repository\org\seleniumhq\selenium\selenium-ie-driver\4.0.0\selenium-ie-driver-4.0.0.jar;C:\Users\abdul\.m2\repository\org\seleniumhq\selenium\selenium-opera-driver\4.0.0\selenium-opera-driver-4.0.0.jar;C:\Users\abdul\.m2\repository\org\seleniumhq\selenium\selenium-remote-driver\4.0.0\selenium-remote-driver-4.0.0.jar;C:\Users\abdul\.m2\repository\com\beust\jcommander\1.81\jcommander-1.81.jar;C:\Users\abdul\.m2\repository\io\netty\netty-buffer\4.1.68.Final\netty-buffer-4.1.68.Final.jar;C:\Users\abdul\.m2\repository\io\netty\netty-codec-http\4.1.67.Final\netty-codec-http-4.1.67.Final.jar;C:\Users\abdul\.m2\repository\io\netty\netty-codec\4.1.67.Final\netty-codec-4.1.67.Final.jar;C:\Users\abdul\.m2\repository\io\netty\netty-handler\4.1.67.Final\netty-handler-4.1.67.Final.jar;C:\Users\abdul\.m2\repository\io\netty\netty-common\4.1.68.Final\netty-common-4.1.68.Final.jar;C:\Users\abdul\.m2\repository\io\netty\netty-transport-native-epoll\4.1.67.Final\netty-transport-native-epoll-4.1.67.Final.jar;C:\Users\abdul\.m2\repository\io\netty\netty-transport-native-kqueue\4.1.67.Final\netty-transport-native-kqueue-4.1.67.Final.jar;C:\Users\abdul\.m2\repository\io\netty\netty-transport-native-unix-common\4.1.67.Final\netty-transport-native-unix-common-4.1.67.Final.jar;C:\Users\abdul\.m2\repository\io\netty\netty-transport\4.1.68.Final\netty-transport-4.1.68.Final.jar;C:\Users\abdul\.m2\repository\io\netty\netty-resolver\4.1.68.Final\netty-resolver-4.1.68.Final.jar;C:\Users\abdul\.m2\repository\io\opentelemetry\opentelemetry-api\1.6.0\opentelemetry-api-1.6.0.jar;C:\Users\abdul\.m2\repository\io\opentelemetry\opentelemetry-context\1.6.0\opentelemetry-context-1.6.0.jar;C:\Users\abdul\.m2\repository\io\opentelemetry\opentelemetry-exporter-logging\1.6.0\opentelemetry-exporter-logging-1.6.0.jar;C:\Users\abdul\.m2\repository\io\opentelemetry\opentelemetry-sdk-metrics\1.6.0-alpha\opentelemetry-sdk-metrics-1.6.0-alpha.jar;C:\Users\abdul\.m2\repository\io\opentelemetry\opentelemetry-sdk-common\1.6.0\opentelemetry-sdk-common-1.6.0.jar;C:\Users\abdul\.m2\repository\io\opentelemetry\opentelemetry-sdk-extension-autoconfigure-spi\1.6.0\opentelemetry-sdk-extension-autoconfigure-spi-1.6.0.jar;C:\Users\abdul\.m2\repository\io\opentelemetry\opentelemetry-sdk-extension-autoconfigure\1.6.0-alpha\opentelemetry-sdk-extension-autoconfigure-1.6.0-alpha.jar;C:\Users\abdul\.m2\repository\io\opentelemetry\opentelemetry-sdk-trace\1.6.0\opentelemetry-sdk-trace-1.6.0.jar;C:\Users\abdul\.m2\repository\io\opentelemetry\opentelemetry-api-metrics\1.6.0-alpha\opentelemetry-api-metrics-1.6.0-alpha.jar;C:\Users\abdul\.m2\repository\io\opentelemetry\opentelemetry-sdk\1.6.0\opentelemetry-sdk-1.6.0.jar;C:\Users\abdul\.m2\repository\io\opentelemetry\opentelemetry-semconv\1.6.0-alpha\opentelemetry-semconv-1.6.0-alpha.jar;C:\Users\abdul\.m2\repository\io\ous\jtoml\2.0.0\jtoml-2.0.0.jar;C:\Users\abdul\.m2\repository\net\bytebuddy\byte-buddy\1.11.19\byte-buddy-1.11.19.jar;C:\Users\abdul\.m2\repository\org\apache\commons\commons-exec\1.3\commons-exec-1.3.jar;C:\Users\abdul\.m2\repository\org\asynchttpclient\async-http-client\2.12.3\async-http-client-2.12.3.jar;C:\Users\abdul\.m2\repository\org\asynchttpclient\async-http-client-netty-utils\2.12.3\async-http-client-netty-utils-2.12.3.jar;C:\Users\abdul\.m2\repository\io\netty\netty-codec-socks\4.1.60.Final\netty-codec-socks-4.1.60.Final.jar;C:\Users\abdul\.m2\repository\io\netty\netty-handler-proxy\4.1.60.Final\netty-handler-proxy-4.1.60.Final.jar;C:\Users\abdul\.m2\repository\io\netty\netty-transport-native-epoll\4.1.60.Final\netty-transport-native-epoll-4.1.60.Final-linux-x86_64.jar;C:\Users\abdul\.m2\repository\io\netty\netty-transport-native-kqueue\4.1.60.Final\netty-transport-native-kqueue-4.1.60.Final-osx-x86_64.jar;C:\Users\abdul\.m2\repository\org\reactivestreams\reactive-streams\1.0.3\reactive-streams-1.0.3.jar;C:\Users\abdul\.m2\repository\com\typesafe\netty\netty-reactive-streams\2.0.4\netty-reactive-streams-2.0.4.jar;C:\Users\abdul\.m2\repository\org\slf4j\slf4j-api\1.7.30\slf4j-api-1.7.30.jar;C:\Users\abdul\.m2\repository\com\sun\activation\jakarta.activation\1.2.2\jakarta.activation-1.2.2.jar;C:\Users\abdul\.m2\repository\org\seleniumhq\selenium\selenium-http\4.0.0\selenium-http-4.0.0.jar;C:\Users\abdul\.m2\repository\org\seleniumhq\selenium\selenium-safari-driver\4.0.0\selenium-safari-driver-4.0.0.jar;C:\Users\abdul\.m2\repository\org\seleniumhq\selenium\selenium-support\4.0.0\selenium-support-4.0.0.jar;C:\Users\abdul\.m2\repository\io\cucumber\cucumber-java\7.0.0\cucumber-java-7.0.0.jar;C:\Users\abdul\.m2\repository\io\cucumber\cucumber-core\7.0.0\cucumber-core-7.0.0.jar;C:\Users\abdul\.m2\repository\io\cucumber\cucumber-gherkin\7.0.0\cucumber-gherkin-7.0.0.jar;C:\Users\abdul\.m2\repository\io\cucumber\cucumber-gherkin-messages\7.0.0\cucumber-gherkin-messages-7.0.0.jar;C:\Users\abdul\.m2\repository\io\cucumber\messages\17.1.1\messages-17.1.1.jar;C:\Users\abdul\.m2\repository\io\cucumber\tag-expressions\4.0.2\tag-expressions-4.0.2.jar;C:\Users\abdul\.m2\repository\io\cucumber\cucumber-expressions\13.0.1\cucumber-expressions-13.0.1.jar;C:\Users\abdul\.m2\repository\io\cucumber\datatable\7.0.0\datatable-7.0.0.jar;C:\Users\abdul\.m2\repository\io\cucumber\cucumber-plugin\7.0.0\cucumber-plugin-7.0.0.jar;C:\Users\abdul\.m2\repository\io\cucumber\docstring\7.0.0\docstring-7.0.0.jar;C:\Users\abdul\.m2\repository\io\cucumber\html-formatter\17.0.0\html-formatter-17.0.0.jar;C:\Users\abdul\.m2\repository\io\cucumber\create-meta\6.0.1\create-meta-6.0.1.jar;C:\Users\abdul\.m2\repository\org\apiguardian\apiguardian-api\1.1.2\apiguardian-api-1.1.2.jar;C:\Users\abdul\.m2\repository\io\cucumber\cucumber-junit\7.0.0\cucumber-junit-7.0.0.jar;C:\Users\abdul\.m2\repository\junit\junit\4.13.2\junit-4.13.2.jar;C:\Users\abdul\.m2\repository\org\hamcrest\hamcrest-core\1.3\hamcrest-core-1.3.jar;"/>
    <property name="sun.cpu.endian" value="little"/>
    <property name="user.home" value="C:\Users\abdul"/>
    <property name="user.language" value="en"/>
    <property name="java.specification.vendor" value="Oracle Corporation"/>
    <property name="java.version.date" value="2020-10-20"/>
    <property name="java.home" value="C:\Program Files\Java\jdk-15.0.1"/>
    <property name="file.separator" value="\"/>
    <property name="basedir" value="C:\Users\abdul\eclipse-workspace\BDD"/>
    <property name="java.vm.compressedOopsMode" value="32-bit"/>
    <property name="line.separator" value="&#10;"/>
    <property name="java.vm.specification.vendor" value="Oracle Corporation"/>
    <property name="java.specification.name" value="Java Platform API Specification"/>
    <property name="surefire.real.class.path" value="C:\Users\abdul\AppData\Local\Temp\surefire6641548699173621940\surefirebooter17712814454601711830.jar"/>
    <property name="user.script" value=""/>
    <property name="sun.management.compiler" value="HotSpot 64-Bit Tiered Compilers"/>
    <property name="java.runtime.version" value="15.0.1+9-18"/>
    <property name="user.name" value="abdul"/>
    <property name="path.separator" value=";"/>
    <property name="os.version" value="10.0"/>
    <property name="java.runtime.name" value="Java(TM) SE Runtime Environment"/>
    <property name="file.encoding" value="Cp1252"/>
    <property name="java.vm.name" value="Java HotSpot(TM) 64-Bit Server VM"/>
    <property name="localRepository" value="C:\Users\abdul\.m2\repository"/>
    <property name="cucumber.options" value="--tags @SmokeTest"/>
    <property name="java.vendor.url.bug" value="https://bugreport.java.com/bugreport/"/>
    <property name="java.io.tmpdir" value="C:\Users\abdul\AppData\Local\Temp\"/>
    <property name="java.version" value="15.0.1"/>
    <property name="user.dir" value="C:\Users\abdul\eclipse-workspace\BDD"/>
    <property name="os.arch" value="amd64"/>
    <property name="java.vm.specification.name" value="Java Virtual Machine Specification"/>
    <property name="sun.os.patch.level" value=""/>
    <property name="java.library.path" value="C:\Program Files\Java\jdk-15.0.1\bin;C:\WINDOWS\Sun\Java\bin;C:\WINDOWS\system32;C:\WINDOWS;C:\Python39\Scripts\;C:\Python39\;C:\Program Files\Common Files\Oracle\Java\javapath;C:\Windows\system32;C:\Windows;C:\Windows\System32\Wbem;C:\Windows\System32\WindowsPowerShell\v1.0\;C:\Windows\System32\OpenSSH\;C:\Program Files (x86)\NVIDIA Corporation\PhysX\Common;C:\Program Files\NVIDIA Corporation\NVIDIA NvDLISR;C:\Program Files\Git\cmd;D:\Jars\apache-maven-3.8.3\bin;C:\Program Files\Java\jdk-15.0.1\bin;C:\Program Files\nodejs\;C:\ProgramData\chocolatey\bin;C:\Program Files\Microsoft VS Code\bin;C:\Program Files\Microsoft SQL Server\130\Tools\Binn\;C:\Program Files\dotnet\;C:\Program Files\Docker\Docker\resources\bin;C:\ProgramData\DockerDesktop\version-bin;;%SystemRoot%\system32;%SystemRoot%;%SystemRoot%\System32\Wbem;%SYSTEMROOT%\System32\WindowsPowerShell\v1.0\;%SYSTEMROOT%\System32\OpenSSH\;C:\Program Files\MySQL\MySQL Shell 8.0\bin\;C:\Users\abdul\AppData\Local\Microsoft\WindowsApps;C:\Users\abdul\AppData\Roaming\npm;C:\Users\abdul\.dotnet\tools;C:\Program Files\JetBrains\IntelliJ IDEA Community Edition 2021.2.2\bin;."/>
    <property name="java.vm.info" value="mixed mode, sharing"/>
    <property name="java.vendor" value="Oracle Corporation"/>
    <property name="java.vm.version" value="15.0.1+9-18"/>
    <property name="sun.io.unicode.encoding" value="UnicodeLittle"/>
    <property name="java.class.version" value="59.0"/>
  </properties>
  <testcase name="I want to write a step with precondition" classname="Title of your scenario #1" time="0.005">
    <system-out><![CDATA[
@RegTest
Scenario: Title of your scenario                                # src/test/java/features/Login.feature:7
I want to write a step with precondition
]]></system-out>
  </testcase>
  <testcase name="I want to write a step with precondition" classname="Title of your scenario #1" time="0.009">
    <system-out><![CDATA[
@RegTest
Scenario Outline: Title of your scenario                        # src/test/java/features/SignUp.feature:15
I want to write a step with precondition
]]></system-out>
  </testcase>
  <testcase name="I want to write a step with precondition" classname="Title of your scenario #1" time="0.007">
    <system-out><![CDATA[  Then check if browser is started                              # stepDefinitions.StepDefinition.check_if_browser_is_started()
I want to write a step with precondition
]]></system-out>
  </testcase>
  <testcase name="some other precondition" classname="Title of your scenario #1" time="0.013">
    <system-out><![CDATA[  Given I want to write a step with precondition                # stepDefinitions.StepDefinition.I_want_to_write_a_step_with_precondition()
some other precondition
]]></system-out>
  </testcase>
  <testcase name="some other precondition" classname="Title of your scenario #1" time="0.002">
    <system-out><![CDATA[  Given I want to write a step with precondition                # stepDefinitions.StepDefinition.I_want_to_write_a_step_with_precondition()
some other precondition
]]></system-out>
  </testcase>
  <testcase name="some other precondition" classname="Title of your scenario #1" time="0.008">
    <system-out><![CDATA[  Given I want to write a step with precondition                # stepDefinitions.StepDefinition.I_want_to_write_a_step_with_precondition()
some other precondition
]]></system-out>
  </testcase>
  <testcase name="I complete action with username &quot;suhail&quot; password &quot;1234&quot;" classname="Title of your scenario #1" time="0.005">
    <system-out><![CDATA[  And some other precondition                                   # stepDefinitions.StepDefinition.some_other_precondition()
logged in using suhail 1234
]]></system-out>
  </testcase>
  <testcase name="some other action" classname="Title of your scenario #1" time="0.011">
    <system-out><![CDATA[  When I complete action with username "suhail" password "1234" # stepDefinitions.StepDefinition.i_complete_action_with_username_something_and_password_something(java.lang.String,java.lang.String)
some other action
]]></system-out>
  </testcase>
  <testcase name="some other action" classname="Title of your scenario #1" time="0.004">
    <system-out><![CDATA[  When I complete action with username suhail and password 1234 # stepDefinitions.StepDefinition.i_complete_action_with_username_and_password(java.lang.String,java.lang.String)
some other action
]]></system-out>
  </testcase>
  <testcase name="some other action" classname="Title of your scenario #1" time="0.004">
    <system-out><![CDATA[  When I complete action with username suhail and password 1234 # stepDefinitions.StepDefinition.i_complete_action_with_username_and_password(java.lang.String,java.lang.String)
some other action
]]></system-out>
  </testcase>
  <testcase name="yet another action" classname="Title of your scenario #1" time="0.007">
    <system-out><![CDATA[  And some other action                                         # stepDefinitions.StepDefinition.some_other_action()
yet another action
]]></system-out>
  </testcase>
  <testcase name="yet another action" classname="Title of your scenario #1" time="0.004">
    <system-out><![CDATA[  And some other action                                         # stepDefinitions.StepDefinition.some_other_action()
yet another action
]]></system-out>
  </testcase>
  <testcase name="yet another action" classname="Title of your scenario #1" time="0.015">
    <system-out><![CDATA[  And some other action                                         # stepDefinitions.StepDefinition.some_other_action()
yet another action
]]></system-out>
  </testcase>
  <testcase name="I validate the outcomes" classname="Title of your scenario #1" time="0.008">
    <system-out><![CDATA[  And yet another action                                        # stepDefinitions.StepDefinition.yet_another_action()
I validate the outcomes
]]></system-out>
  </testcase>
  <testcase name="I validate the outcomes" classname="Title of your scenario #1" time="0.002">
    <system-out><![CDATA[  And yet another action                                        # stepDefinitions.StepDefinition.yet_another_action()
I validate the outcomes
]]></system-out>
  </testcase>
  <testcase name="I validate the outcomes" classname="Title of your scenario #1" time="0.004">
    <system-out><![CDATA[  And yet another action                                        # stepDefinitions.StepDefinition.yet_another_action()
I validate the outcomes
]]></system-out>
  </testcase>
  <testcase name="validation is &quot;successfull&quot;" classname="Title of your scenario #1" time="0.001">
    <system-out><![CDATA[  Then I validate the outcomes                                  # stepDefinitions.StepDefinition.I_validate_the_outcomes()
validation is successfull
]]></system-out>
  </testcase>
  <testcase name="validation is &quot;successfull&quot;" classname="Title of your scenario #1" time="0.006">
    <system-out><![CDATA[  Then I validate the outcomes                                  # stepDefinitions.StepDefinition.I_validate_the_outcomes()
validation is successfull
]]></system-out>
  </testcase>
  <testcase name="validation is &quot;successfull&quot;" classname="Title of your scenario #1" time="0.001">
    <system-out><![CDATA[  Then I validate the outcomes                                  # stepDefinitions.StepDefinition.I_validate_the_outcomes()
validation is successfull
]]></system-out>
  </testcase>
  <testcase name="" classname="Title of your scenario #1" time="0.021">
    <system-out><![CDATA[  And validation is "successfull"                               # stepDefinitions.StepDefinition.validation_is_something(java.lang.String)
]]></system-out>
  </testcase>
  <testcase name="" classname="Title of your scenario #1" time="0.01">
    <system-out><![CDATA[  And validation is "successfull"                               # stepDefinitions.StepDefinition.validation_is_something(java.lang.String)
]]></system-out>
  </testcase>
  <testcase name="" classname="Title of your scenario #1" time="0.015">
    <system-out><![CDATA[  And validation is "successfull"                               # stepDefinitions.StepDefinition.validation_is_something(java.lang.String)
]]></system-out>
  </testcase>
  <testcase name="I complete action with username suhail and password 1234" classname="Title of your scenario #1" time="0.003">
    <system-out><![CDATA[  And some other precondition                                   # stepDefinitions.StepDefinition.some_other_precondition()
suhail
1234
]]></system-out>
  </testcase>
  <testcase name="I complete action with username suhail and password 1234" classname="Title of your scenario #1" time="0.011">
    <system-out><![CDATA[  And some other precondition                                   # stepDefinitions.StepDefinition.some_other_precondition()
suhail
1234
]]></system-out>
  </testcase>
  <testcase name="validate the browser" classname="Title of your scenario #1" time="0.002">
    <system-out><![CDATA[
@Portal
Scenario Outline: Title of your scenario                        # src/test/java/features/portal.feature:20
validate the browser
]]></system-out>
  </testcase>
  <testcase name="browser is triggered" classname="Title of your scenario #1" time="0.002">
    <system-out><![CDATA[  Given validate the browser                                    # stepDefinitions.StepDefinition.validate_the_browser()
browser is triggered
]]></system-out>
  </testcase>
  <testcase name="check if browser is started" classname="Title of your scenario #1" time="0.014">
    <system-out><![CDATA[  When browser is triggered                                     # stepDefinitions.StepDefinition.browser_is_triggered()
check if browser is started
]]></system-out>
  </testcase>
  <testcase name="I want to write a step with precondition" classname="Title of your scenario #2" time="0.006">
    <system-out><![CDATA[
@Smoke
Scenario: Title of your scenario                              # src/test/java/features/Login.feature:17
Before validation
I want to write a step with precondition
]]></system-out>
  </testcase>
  <testcase name="I want to write a step with precondition" classname="Title of your scenario #2" time="0.007">
    <system-out><![CDATA[
@RegTest
Scenario Outline: Title of your scenario                      # src/test/java/features/SignUp.feature:16
I want to write a step with precondition
]]></system-out>
  </testcase>
  <testcase name="I want to write a step with precondition" classname="Title of your scenario #2" time="0.011">
    <system-out><![CDATA[  Then check if browser is started                            # stepDefinitions.StepDefinition.check_if_browser_is_started()
I want to write a step with precondition
]]></system-out>
  </testcase>
  <testcase name="some other precondition" classname="Title of your scenario #2" time="0.005">
    <system-out><![CDATA[  Given I want to write a step with precondition              # stepDefinitions.StepDefinition.I_want_to_write_a_step_with_precondition()
some other precondition
]]></system-out>
  </testcase>
  <testcase name="some other precondition" classname="Title of your scenario #2" time="0.007">
    <system-out><![CDATA[  Given I want to write a step with precondition              # stepDefinitions.StepDefinition.I_want_to_write_a_step_with_precondition()
some other precondition
]]></system-out>
  </testcase>
  <testcase name="some other precondition" classname="Title of your scenario #2" time="0.012">
    <system-out><![CDATA[  Given I want to write a step with precondition              # stepDefinitions.StepDefinition.I_want_to_write_a_step_with_precondition()
some other precondition
]]></system-out>
  </testcase>
  <testcase name="I complete action with username &quot;sana&quot; password &quot;3241&quot;" classname="Title of your scenario #2" time="0.009">
    <system-out><![CDATA[  And some other precondition                                 # stepDefinitions.StepDefinition.some_other_precondition()
logged in using sana 3241
]]></system-out>
  </testcase>
  <testcase name="some other action" classname="Title of your scenario #2" time="0.006">
    <system-out><![CDATA[  When I complete action with username "sana" password "3241" # stepDefinitions.StepDefinition.i_complete_action_with_username_something_and_password_something(java.lang.String,java.lang.String)
some other action
]]></system-out>
  </testcase>
  <testcase name="some other action" classname="Title of your scenario #2" time="0.005">
    <system-out><![CDATA[  When I complete action with username sana and password 2134 # stepDefinitions.StepDefinition.i_complete_action_with_username_and_password(java.lang.String,java.lang.String)
some other action
]]></system-out>
  </testcase>
  <testcase name="some other action" classname="Title of your scenario #2" time="0.008">
    <system-out><![CDATA[  When I complete action with username sana and password 2134 # stepDefinitions.StepDefinition.i_complete_action_with_username_and_password(java.lang.String,java.lang.String)
some other action
]]></system-out>
  </testcase>
  <testcase name="yet another action" classname="Title of your scenario #2" time="0.012">
    <system-out><![CDATA[  And some other action                                       # stepDefinitions.StepDefinition.some_other_action()
yet another action
]]></system-out>
  </testcase>
  <testcase name="yet another action" classname="Title of your scenario #2" time="0.001">
    <system-out><![CDATA[  And some other action                                       # stepDefinitions.StepDefinition.some_other_action()
yet another action
]]></system-out>
  </testcase>
  <testcase name="yet another action" classname="Title of your scenario #2" time="0.014">
    <system-out><![CDATA[  And some other action                                       # stepDefinitions.StepDefinition.some_other_action()
yet another action
]]></system-out>
  </testcase>
  <testcase name="I validate the outcomes" classname="Title of your scenario #2" time="0.008">
    <system-out><![CDATA[  And yet another action                                      # stepDefinitions.StepDefinition.yet_another_action()
I validate the outcomes
]]></system-out>
  </testcase>
  <testcase name="I validate the outcomes" classname="Title of your scenario #2" time="0.001">
    <system-out><![CDATA[  And yet another action                                      # stepDefinitions.StepDefinition.yet_another_action()
I validate the outcomes
]]></system-out>
  </testcase>
  <testcase name="I validate the outcomes" classname="Title of your scenario #2" time="0.014">
    <system-out><![CDATA[  And yet another action                                      # stepDefinitions.StepDefinition.yet_another_action()
I validate the outcomes
]]></system-out>
  </testcase>
  <testcase name="validation is &quot;not successfull&quot;" classname="Title of your scenario #2" time="0.001">
    <system-out><![CDATA[  Then I validate the outcomes                                # stepDefinitions.StepDefinition.I_validate_the_outcomes()
validation is not successfull
]]></system-out>
  </testcase>
  <testcase name="" classname="Title of your scenario #2" time="0.019">
    <system-out><![CDATA[  And validation is "not successfull"                         # stepDefinitions.StepDefinition.validation_is_something(java.lang.String)
After validation
]]></system-out>
  </testcase>
  <testcase name="" classname="Title of your scenario #2" time="0.006">
    <system-out><![CDATA[  And validation is "successfull"                             # stepDefinitions.StepDefinition.validation_is_something(java.lang.String)
]]></system-out>
  </testcase>
  <testcase name="" classname="Title of your scenario #2" time="0.011">
    <system-out><![CDATA[  And validation is "successfull"                             # stepDefinitions.StepDefinition.validation_is_something(java.lang.String)
]]></system-out>
  </testcase>
  <testcase name="I complete action with username sana and password 2134" classname="Title of your scenario #2" time="0.008">
    <system-out><![CDATA[  And some other precondition                                 # stepDefinitions.StepDefinition.some_other_precondition()
sana
2134
]]></system-out>
  </testcase>
  <testcase name="I complete action with username sana and password 2134" classname="Title of your scenario #2" time="0.006">
    <system-out><![CDATA[  And some other precondition                                 # stepDefinitions.StepDefinition.some_other_precondition()
sana
2134
]]></system-out>
  </testcase>
  <testcase name="validation is &quot;successfull&quot;" classname="Title of your scenario #2" time="0.005">
    <system-out><![CDATA[  Then I validate the outcomes                                # stepDefinitions.StepDefinition.I_validate_the_outcomes()
validation is successfull
]]></system-out>
  </testcase>
  <testcase name="validation is &quot;successfull&quot;" classname="Title of your scenario #2" time="0.005">
    <system-out><![CDATA[  Then I validate the outcomes                                # stepDefinitions.StepDefinition.I_validate_the_outcomes()
validation is successfull
]]></system-out>
  </testcase>
  <testcase name="validate the browser" classname="Title of your scenario #2" time="0.006">
    <system-out><![CDATA[
@Portal
Scenario Outline: Title of your scenario                      # src/test/java/features/portal.feature:21
validate the browser
]]></system-out>
  </testcase>
  <testcase name="browser is triggered" classname="Title of your scenario #2" time="0.007">
    <system-out><![CDATA[  Given validate the browser                                  # stepDefinitions.StepDefinition.validate_the_browser()
browser is triggered
]]></system-out>
  </testcase>
  <testcase name="check if browser is started" classname="Title of your scenario #2" time="0.005">
    <system-out><![CDATA[  When browser is triggered                                   # stepDefinitions.StepDefinition.browser_is_triggered()
check if browser is started
]]></system-out>
  </testcase>
  <testcase name="I want to write a step with precondition" classname="Title of your scenario #3" time="0.006">
    <system-out><![CDATA[
@Smoke
Scenario: Title of your scenario                           # src/test/java/features/Login.feature:27
Before validation
I want to write a step with precondition
]]></system-out>
  </testcase>
  <testcase name="I want to write a step with precondition" classname="Title of your scenario #3" time="0.005">
    <system-out><![CDATA[
@RegTest
Scenario Outline: Title of your scenario                       # src/test/java/features/SignUp.feature:17
I want to write a step with precondition
]]></system-out>
  </testcase>
  <testcase name="I want to write a step with precondition" classname="Title of your scenario #3" time="0.005">
    <system-out><![CDATA[  Then check if browser is started                             # stepDefinitions.StepDefinition.check_if_browser_is_started()
I want to write a step with precondition
]]></system-out>
  </testcase>
  <testcase name="some other precondition" classname="Title of your scenario #3" time="0.012">
    <system-out><![CDATA[  Given I want to write a step with precondition           # stepDefinitions.StepDefinition.I_want_to_write_a_step_with_precondition()
some other precondition
]]></system-out>
  </testcase>
  <testcase name="some other precondition" classname="Title of your scenario #3" time="0.012">
    <system-out><![CDATA[  Given I want to write a step with precondition               # stepDefinitions.StepDefinition.I_want_to_write_a_step_with_precondition()
some other precondition
]]></system-out>
  </testcase>
  <testcase name="some other precondition" classname="Title of your scenario #3" time="0.008">
    <system-out><![CDATA[  Given I want to write a step with precondition               # stepDefinitions.StepDefinition.I_want_to_write_a_step_with_precondition()
some other precondition
]]></system-out>
  </testcase>
  <testcase name="I complete action of sign up with following details" classname="Title of your scenario #3" time="0.03">
    <system-out><![CDATA[  And some other precondition                              # stepDefinitions.StepDefinition.some_other_precondition()
username = suhail
password = 1234
email = abc@abc.com
country = india
phone No = 819728
]]></system-out>
  </testcase>
  <testcase name="some other action" classname="Title of your scenario #3" time="0.001">
    <system-out><![CDATA[  When I complete action of sign up with following details # stepDefinitions.StepDefinition.i_complete_action_of_sign_up_with_following_details(io.cucumber.datatable.DataTable)
    | suhail | 1234 | abc@abc.com | india | 819728 |
some other action
]]></system-out>
  </testcase>
  <testcase name="some other action" classname="Title of your scenario #3" time="0.006">
    <system-out><![CDATA[  When I complete action with username minni and password 4321 # stepDefinitions.StepDefinition.i_complete_action_with_username_and_password(java.lang.String,java.lang.String)
some other action
]]></system-out>
  </testcase>
  <testcase name="some other action" classname="Title of your scenario #3" time="0">
    <system-out><![CDATA[  When I complete action with username minni and password 4321 # stepDefinitions.StepDefinition.i_complete_action_with_username_and_password(java.lang.String,java.lang.String)
some other action
]]></system-out>
  </testcase>
  <testcase name="yet another action" classname="Title of your scenario #3" time="0.011">
    <system-out><![CDATA[  And some other action                                    # stepDefinitions.StepDefinition.some_other_action()
yet another action
]]></system-out>
  </testcase>
  <testcase name="yet another action" classname="Title of your scenario #3" time="0.008">
    <system-out><![CDATA[  And some other action                                        # stepDefinitions.StepDefinition.some_other_action()
yet another action
]]></system-out>
  </testcase>
  <testcase name="yet another action" classname="Title of your scenario #3" time="0.002">
    <system-out><![CDATA[  And some other action                                        # stepDefinitions.StepDefinition.some_other_action()
yet another action
]]></system-out>
  </testcase>
  <testcase name="I validate the outcomes" classname="Title of your scenario #3" time="0.002">
    <system-out><![CDATA[  And yet another action                                   # stepDefinitions.StepDefinition.yet_another_action()
I validate the outcomes
]]></system-out>
  </testcase>
  <testcase name="I validate the outcomes" classname="Title of your scenario #3" time="0.001">
    <system-out><![CDATA[  And yet another action                                       # stepDefinitions.StepDefinition.yet_another_action()
I validate the outcomes
]]></system-out>
  </testcase>
  <testcase name="I validate the outcomes" classname="Title of your scenario #3" time="0.001">
    <system-out><![CDATA[  And yet another action                                       # stepDefinitions.StepDefinition.yet_another_action()
I validate the outcomes
]]></system-out>
  </testcase>
  <testcase name="validation is &quot;successfull&quot;" classname="Title of your scenario #3" time="0.002">
    <system-out><![CDATA[  Then I validate the outcomes                             # stepDefinitions.StepDefinition.I_validate_the_outcomes()
validation is successfull
]]></system-out>
  </testcase>
  <testcase name="validation is &quot;successfull&quot;" classname="Title of your scenario #3" time="0.001">
    <system-out><![CDATA[  Then I validate the outcomes                                 # stepDefinitions.StepDefinition.I_validate_the_outcomes()
validation is successfull
]]></system-out>
  </testcase>
  <testcase name="validation is &quot;successfull&quot;" classname="Title of your scenario #3" time="0.001">
    <system-out><![CDATA[  Then I validate the outcomes                                 # stepDefinitions.StepDefinition.I_validate_the_outcomes()
validation is successfull
]]></system-out>
  </testcase>
  <testcase name="" classname="Title of your scenario #3" time="0.009">
    <system-out><![CDATA[  And validation is "successfull"                          # stepDefinitions.StepDefinition.validation_is_something(java.lang.String)
After validation
]]></system-out>
  </testcase>
  <testcase name="" classname="Title of your scenario #3" time="0.009">
    <system-out><![CDATA[  And validation is "successfull"                              # stepDefinitions.StepDefinition.validation_is_something(java.lang.String)
]]></system-out>
  </testcase>
  <testcase name="" classname="Title of your scenario #3" time="0.009">
    <system-out><![CDATA[  And validation is "successfull"                              # stepDefinitions.StepDefinition.validation_is_something(java.lang.String)
]]></system-out>
  </testcase>
  <testcase name="I complete action with username minni and password 4321" classname="Title of your scenario #3" time="0.018">
    <system-out><![CDATA[  And some other precondition                                  # stepDefinitions.StepDefinition.some_other_precondition()
minni
4321
]]></system-out>
  </testcase>
  <testcase name="I complete action with username minni and password 4321" classname="Title of your scenario #3" time="0.006">
    <system-out><![CDATA[  And some other precondition                                  # stepDefinitions.StepDefinition.some_other_precondition()
minni
4321
]]></system-out>
  </testcase>
  <testcase name="validate the browser" classname="Title of your scenario #3" time="0.018">
    <system-out><![CDATA[
@Portal
Scenario Outline: Title of your scenario                       # src/test/java/features/portal.feature:22
validate the browser
]]></system-out>
  </testcase>
  <testcase name="browser is triggered" classname="Title of your scenario #3" time="0.017">
    <system-out><![CDATA[  Given validate the browser                                   # stepDefinitions.StepDefinition.validate_the_browser()
browser is triggered
]]></system-out>
  </testcase>
  <testcase name="check if browser is started" classname="Title of your scenario #3" time="0.011">
    <system-out><![CDATA[  When browser is triggered                                    # stepDefinitions.StepDefinition.browser_is_triggered()
check if browser is started
]]></system-out>
  </testcase>
  <testcase name="User is on GreenKart landing page" classname="Search for items and go to checkoutpage #1" time="5.239">
    <system-out><![CDATA[
@SmokeTest
Scenario Outline: Search for items and go to checkoutpage                   # src/test/java/features/search.feature:20
]]></system-out>
    <system-err><![CDATA[SLF4J: Failed to load class "org.slf4j.impl.StaticLoggerBinder".
SLF4J: Defaulting to no-operation (NOP) logger implementation
SLF4J: See http://www.slf4j.org/codes.html#StaticLoggerBinder for further details.
Starting ChromeDriver 94.0.4606.61 (418b78f5838ed0b1c69bb4e51ea0252171854915-refs/branch-heads/4606@{#1204}) on port 49999
Only local connections are allowed.
Please see https://chromedriver.chromium.org/security-considerations for suggestions on keeping ChromeDriver safe.
ChromeDriver was started successfully.
[1636897033.603][WARNING]: This version of ChromeDriver has not been tested with Chrome version 95.
Nov 14, 2021 7:07:14 PM org.openqa.selenium.remote.ProtocolHandshake createSession
INFO: Detected dialect: W3C
Nov 14, 2021 7:07:14 PM org.openqa.selenium.devtools.CdpVersionFinder findNearestMatch
INFO: Found exact CDP implementation for version 95
]]></system-err>
  </testcase>
  <testcase name="User searches for vegetables Beetroot" classname="Search for items and go to checkoutpage #1" time="2.204">
    <system-out><![CDATA[  Given User is on GreenKart landing page                                   # stepDefinitions.searchStepDefinition.user_is_on_greenkart_landing_page()
]]></system-out>
  </testcase>
  <testcase name="Added &quot;3&quot; items to cart" classname="Search for items and go to checkoutpage #1" time="0.284">
    <system-out><![CDATA[  When User searches for vegetables Beetroot                                # stepDefinitions.searchStepDefinition.user_searches_for_vegetables(java.lang.String)
]]></system-out>
  </testcase>
  <testcase name="User clicks on proceed to checkout page for purchase" classname="Search for items and go to checkoutpage #1" time="0.159">
    <system-out><![CDATA[  And Added "3" items to cart                                               # stepDefinitions.searchStepDefinition.added_something_items_to_cart(java.lang.String)
]]></system-out>
  </testcase>
  <testcase name="Verify selected products Beetroot item is displayed in checkout page" classname="Search for items and go to checkoutpage #1" time="0.037">
    <system-out><![CDATA[  And User clicks on proceed to checkout page for purchase                  # stepDefinitions.searchStepDefinition.user_clicks_on_proceed_to_checkout_page_for_purchase()
]]></system-out>
  </testcase>
  <testcase name="" classname="Search for items and go to checkoutpage #1" time="0.792">
    <system-out><![CDATA[  Then Verify selected products Beetroot item is displayed in checkout page # stepDefinitions.searchStepDefinition.verify_selected_products_item_is_displayed_in_checkout_page(java.lang.String)
]]></system-out>
  </testcase>
  <testcase name="User is on GreenKart landing page" classname="Search for items and go to checkoutpage #2" time="2.769">
    <system-out><![CDATA[
@SmokeTest
Scenario Outline: Search for items and go to checkoutpage                 # src/test/java/features/search.feature:21
]]></system-out>
    <system-err><![CDATA[Starting ChromeDriver 94.0.4606.61 (418b78f5838ed0b1c69bb4e51ea0252171854915-refs/branch-heads/4606@{#1204}) on port 58540
Only local connections are allowed.
Please see https://chromedriver.chromium.org/security-considerations for suggestions on keeping ChromeDriver safe.
ChromeDriver was started successfully.
[1636897040.655][WARNING]: This version of ChromeDriver has not been tested with Chrome version 95.
Nov 14, 2021 7:07:20 PM org.openqa.selenium.remote.ProtocolHandshake createSession
INFO: Detected dialect: W3C
Nov 14, 2021 7:07:20 PM org.openqa.selenium.devtools.CdpVersionFinder findNearestMatch
INFO: Found exact CDP implementation for version 95
]]></system-err>
  </testcase>
  <testcase name="User searches for vegetables Carrot" classname="Search for items and go to checkoutpage #2" time="2.153">
    <system-out><![CDATA[  Given User is on GreenKart landing page                                 # stepDefinitions.searchStepDefinition.user_is_on_greenkart_landing_page()
]]></system-out>
  </testcase>
  <testcase name="Added &quot;3&quot; items to cart" classname="Search for items and go to checkoutpage #2" time="0.268">
    <system-out><![CDATA[  When User searches for vegetables Carrot                                # stepDefinitions.searchStepDefinition.user_searches_for_vegetables(java.lang.String)
]]></system-out>
  </testcase>
  <testcase name="User clicks on proceed to checkout page for purchase" classname="Search for items and go to checkoutpage #2" time="0.209">
    <system-out><![CDATA[  And Added "3" items to cart                                             # stepDefinitions.searchStepDefinition.added_something_items_to_cart(java.lang.String)
]]></system-out>
  </testcase>
  <testcase name="Verify selected products Carrot item is displayed in checkout page" classname="Search for items and go to checkoutpage #2" time="0.041">
    <system-out><![CDATA[  And User clicks on proceed to checkout page for purchase                # stepDefinitions.searchStepDefinition.user_clicks_on_proceed_to_checkout_page_for_purchase()
]]></system-out>
  </testcase>
  <testcase name="" classname="Search for items and go to checkoutpage #2" time="0.806">
    <system-out><![CDATA[  Then Verify selected products Carrot item is displayed in checkout page # stepDefinitions.searchStepDefinition.verify_selected_products_item_is_displayed_in_checkout_page(java.lang.String)
]]></system-out>
  </testcase>
</testsuite>