<?xml version="1.0" encoding="UTF-8"?>
<!-- Generated by org.testng.reporters.JUnitReportReporter -->
<testsuite hostname="LAPTOP-HHUMO6R2" failures="0" tests="1" name="cucumberOptions.TestNGTestRunner" time="0.215" errors="0" timestamp="2021-11-13T11:18:13 IST" skipped="0">
  <testcase classname="cucumberOptions.TestNGTestRunner" name="runScenario" time="0.215"/>
  <system-out/>
</testsuite> <!-- cucumberOptions.TestNGTestRunner -->
